C:\USERS\VIVIANE\DESKTOP\COMP371\COMP371-MIKE\FRAMEWORK\BUILD\DEBUG\ANIMATION.OBJ
C:\USERS\VIVIANE\DESKTOP\COMP371\COMP371-MIKE\FRAMEWORK\BUILD\DEBUG\BILLBOARD.OBJ
C:\USERS\VIVIANE\DESKTOP\COMP371\COMP371-MIKE\FRAMEWORK\BUILD\DEBUG\CAMERA.OBJ
C:\USERS\VIVIANE\DESKTOP\COMP371\COMP371-MIKE\FRAMEWORK\BUILD\DEBUG\FIRSTPERSONCAMERA.OBJ
C:\USERS\VIVIANE\DESKTOP\COMP371\COMP371-MIKE\FRAMEWORK\BUILD\DEBUG\PARTICLEDESCRIPTOR.OBJ
C:\USERS\VIVIANE\DESKTOP\COMP371\COMP371-MIKE\FRAMEWORK\BUILD\DEBUG\PARTICLEEMITTER.OBJ
C:\USERS\VIVIANE\DESKTOP\COMP371\COMP371-MIKE\FRAMEWORK\BUILD\DEBUG\PARTICLESYSTEM.OBJ
C:\USERS\VIVIANE\DESKTOP\COMP371\COMP371-MIKE\FRAMEWORK\BUILD\DEBUG\SPHEREMODEL.OBJ
C:\USERS\VIVIANE\DESKTOP\COMP371\COMP371-MIKE\FRAMEWORK\BUILD\DEBUG\STATICCAMERA.OBJ
C:\USERS\VIVIANE\DESKTOP\COMP371\COMP371-MIKE\FRAMEWORK\BUILD\DEBUG\EVENTMANAGER.OBJ
C:\USERS\VIVIANE\DESKTOP\COMP371\COMP371-MIKE\FRAMEWORK\BUILD\DEBUG\MAIN.OBJ
C:\USERS\VIVIANE\DESKTOP\COMP371\COMP371-MIKE\FRAMEWORK\BUILD\DEBUG\MODEL.OBJ
C:\USERS\VIVIANE\DESKTOP\COMP371\COMP371-MIKE\FRAMEWORK\BUILD\DEBUG\CUBEMODEL.OBJ
C:\USERS\VIVIANE\DESKTOP\COMP371\COMP371-MIKE\FRAMEWORK\BUILD\DEBUG\RENDERER.OBJ
C:\USERS\VIVIANE\DESKTOP\COMP371\COMP371-MIKE\FRAMEWORK\BUILD\DEBUG\TEXTURELOADER.OBJ
C:\USERS\VIVIANE\DESKTOP\COMP371\COMP371-MIKE\FRAMEWORK\BUILD\DEBUG\WORLD.OBJ
C:\USERS\VIVIANE\DESKTOP\COMP371\COMP371-MIKE\FRAMEWORK\BUILD\DEBUG\VC110.PDB
C:\USERS\VIVIANE\DESKTOP\COMP371\COMP371-MIKE\FRAMEWORK\BUILD\DEBUG\BSPLINE.OBJ
C:\USERS\VIVIANE\DESKTOP\COMP371\COMP371-MIKE\FRAMEWORK\BUILD\DEBUG\THIRDPERSONCAMERA.OBJ
C:\USERS\VIVIANE\DESKTOP\COMP371\COMP371-MIKE\FRAMEWORK\BUILD\DEBUG\COLLISION.OBJ
C:\USERS\VIVIANE\DESKTOP\COMP371\COMP371-MIKE\FRAMEWORK\BUILD\DEBUG\OBJLOADER.OBJ
C:\USERS\VIVIANE\DESKTOP\COMP371\COMP371-MIKE\FRAMEWORK\BUILD\DEBUG\SHADER.OBJ
C:\USERS\VIVIANE\DESKTOP\COMP371\COMP371-MIKE\FRAMEWORK\BUILD\DEBUG\TANGENTSPACE.OBJ
C:\USERS\VIVIANE\DESKTOP\COMP371\COMP371-MIKE\FRAMEWORK\BUILD\DEBUG\TEXT2D.OBJ
C:\USERS\VIVIANE\DESKTOP\COMP371\COMP371-MIKE\FRAMEWORK\BUILD\DEBUG\TEXTURE.OBJ
C:\USERS\VIVIANE\DESKTOP\COMP371\COMP371-MIKE\FRAMEWORK\BUILD\DEBUG\VBOINDEXER.OBJ
C:\USERS\VIVIANE\DESKTOP\COMP371\COMP371-MIKE\FRAMEWORK\BUILD\DEBUG\CONTROLS.OBJ
C:\USERS\VIVIANE\DESKTOP\COMP371\COMP371-MIKE\FRAMEWORK\BUILD\DEBUG\QUATERNION_UTILS.OBJ
C:\USERS\VIVIANE\DESKTOP\COMP371\COMP371-MIKE\FRAMEWORK\BUILD\DEBUG\MAP.OBJ
C:\USERS\VIVIANE\DESKTOP\COMP371\COMP371-MIKE\FRAMEWORK\BIN\ASSIGNMENT1-DEBUG.ILK
C:\USERS\VIVIANE\DESKTOP\COMP371\COMP371-MIKE\FRAMEWORK\BIN\ASSIGNMENT1-DEBUG.EXE
C:\USERS\VIVIANE\DESKTOP\COMP371\COMP371-MIKE\FRAMEWORK\BIN\ASSIGNMENT1-DEBUG.PDB
C:\Users\viviane\Desktop\comp371\COMP371-mike\Framework\Build\Debug\Animation.obj
C:\Users\viviane\Desktop\comp371\COMP371-mike\Framework\Build\Debug\Billboard.obj
C:\Users\viviane\Desktop\comp371\COMP371-mike\Framework\Build\Debug\BSpline.obj
C:\Users\viviane\Desktop\comp371\COMP371-mike\Framework\Build\Debug\Camera.obj
C:\Users\viviane\Desktop\comp371\COMP371-mike\Framework\Build\Debug\Collision.obj
C:\Users\viviane\Desktop\comp371\COMP371-mike\Framework\Build\Debug\controls.obj
C:\Users\viviane\Desktop\comp371\COMP371-mike\Framework\Build\Debug\CubeModel.obj
C:\Users\viviane\Desktop\comp371\COMP371-mike\Framework\Build\Debug\EventManager.obj
C:\Users\viviane\Desktop\comp371\COMP371-mike\Framework\Build\Debug\FirstPersonCamera.obj
C:\Users\viviane\Desktop\comp371\COMP371-mike\Framework\Build\Debug\main.obj
C:\Users\viviane\Desktop\comp371\COMP371-mike\Framework\Build\Debug\map.obj
C:\Users\viviane\Desktop\comp371\COMP371-mike\Framework\Build\Debug\Model.obj
C:\Users\viviane\Desktop\comp371\COMP371-mike\Framework\Build\Debug\objloader.obj
C:\Users\viviane\Desktop\comp371\COMP371-mike\Framework\Build\Debug\ParticleDescriptor.obj
C:\Users\viviane\Desktop\comp371\COMP371-mike\Framework\Build\Debug\ParticleEmitter.obj
C:\Users\viviane\Desktop\comp371\COMP371-mike\Framework\Build\Debug\ParticleSystem.obj
C:\Users\viviane\Desktop\comp371\COMP371-mike\Framework\Build\Debug\quaternion_utils.obj
C:\Users\viviane\Desktop\comp371\COMP371-mike\Framework\Build\Debug\Renderer.obj
C:\Users\viviane\Desktop\comp371\COMP371-mike\Framework\Build\Debug\shader.obj
C:\Users\viviane\Desktop\comp371\COMP371-mike\Framework\Build\Debug\SphereModel.obj
C:\Users\viviane\Desktop\comp371\COMP371-mike\Framework\Build\Debug\StaticCamera.obj
C:\Users\viviane\Desktop\comp371\COMP371-mike\Framework\Build\Debug\tangentspace.obj
C:\Users\viviane\Desktop\comp371\COMP371-mike\Framework\Build\Debug\text2D.obj
C:\Users\viviane\Desktop\comp371\COMP371-mike\Framework\Build\Debug\texture.obj
C:\Users\viviane\Desktop\comp371\COMP371-mike\Framework\Build\Debug\TextureLoader.obj
C:\Users\viviane\Desktop\comp371\COMP371-mike\Framework\Build\Debug\ThirdPersonCamera.obj
C:\Users\viviane\Desktop\comp371\COMP371-mike\Framework\Build\Debug\vboindexer.obj
C:\Users\viviane\Desktop\comp371\COMP371-mike\Framework\Build\Debug\World.obj
C:\Users\viviane\Desktop\comp371\COMP371-mike\Framework\Build\Debug\cl.command.1.tlog
C:\Users\viviane\Desktop\comp371\COMP371-mike\Framework\Build\Debug\CL.read.1.tlog
C:\Users\viviane\Desktop\comp371\COMP371-mike\Framework\Build\Debug\CL.write.1.tlog
C:\Users\viviane\Desktop\comp371\COMP371-mike\Framework\Build\Debug\link-cvtres.read.1.tlog
C:\Users\viviane\Desktop\comp371\COMP371-mike\Framework\Build\Debug\link-cvtres.write.1.tlog
C:\Users\viviane\Desktop\comp371\COMP371-mike\Framework\Build\Debug\link-rc.read.1.tlog
C:\Users\viviane\Desktop\comp371\COMP371-mike\Framework\Build\Debug\link-rc.write.1.tlog
C:\Users\viviane\Desktop\comp371\COMP371-mike\Framework\Build\Debug\link.2956-cvtres.read.1.tlog
C:\Users\viviane\Desktop\comp371\COMP371-mike\Framework\Build\Debug\link.2956-cvtres.write.1.tlog
C:\Users\viviane\Desktop\comp371\COMP371-mike\Framework\Build\Debug\link.2956-rc.read.1.tlog
C:\Users\viviane\Desktop\comp371\COMP371-mike\Framework\Build\Debug\link.2956-rc.write.1.tlog
C:\Users\viviane\Desktop\comp371\COMP371-mike\Framework\Build\Debug\link.2956.read.1.tlog
C:\Users\viviane\Desktop\comp371\COMP371-mike\Framework\Build\Debug\link.2956.write.1.tlog
C:\Users\viviane\Desktop\comp371\COMP371-mike\Framework\Build\Debug\link.2992-cvtres.read.1.tlog
C:\Users\viviane\Desktop\comp371\COMP371-mike\Framework\Build\Debug\link.2992-cvtres.write.1.tlog
C:\Users\viviane\Desktop\comp371\COMP371-mike\Framework\Build\Debug\link.2992-rc.read.1.tlog
C:\Users\viviane\Desktop\comp371\COMP371-mike\Framework\Build\Debug\link.2992-rc.write.1.tlog
C:\Users\viviane\Desktop\comp371\COMP371-mike\Framework\Build\Debug\link.2992.read.1.tlog
C:\Users\viviane\Desktop\comp371\COMP371-mike\Framework\Build\Debug\link.2992.write.1.tlog
C:\Users\viviane\Desktop\comp371\COMP371-mike\Framework\Build\Debug\link.3512-cvtres.read.1.tlog
C:\Users\viviane\Desktop\comp371\COMP371-mike\Framework\Build\Debug\link.3512-cvtres.write.1.tlog
C:\Users\viviane\Desktop\comp371\COMP371-mike\Framework\Build\Debug\link.3512-rc.read.1.tlog
C:\Users\viviane\Desktop\comp371\COMP371-mike\Framework\Build\Debug\link.3512-rc.write.1.tlog
C:\Users\viviane\Desktop\comp371\COMP371-mike\Framework\Build\Debug\link.3512.read.1.tlog
C:\Users\viviane\Desktop\comp371\COMP371-mike\Framework\Build\Debug\link.3512.write.1.tlog
C:\Users\viviane\Desktop\comp371\COMP371-mike\Framework\Build\Debug\link.620-cvtres.read.1.tlog
C:\Users\viviane\Desktop\comp371\COMP371-mike\Framework\Build\Debug\link.620-cvtres.write.1.tlog
C:\Users\viviane\Desktop\comp371\COMP371-mike\Framework\Build\Debug\link.620-rc.read.1.tlog
C:\Users\viviane\Desktop\comp371\COMP371-mike\Framework\Build\Debug\link.620-rc.write.1.tlog
C:\Users\viviane\Desktop\comp371\COMP371-mike\Framework\Build\Debug\link.620.read.1.tlog
C:\Users\viviane\Desktop\comp371\COMP371-mike\Framework\Build\Debug\link.620.write.1.tlog
C:\Users\viviane\Desktop\comp371\COMP371-mike\Framework\Build\Debug\link.7204-cvtres.read.1.tlog
C:\Users\viviane\Desktop\comp371\COMP371-mike\Framework\Build\Debug\link.7204-cvtres.write.1.tlog
C:\Users\viviane\Desktop\comp371\COMP371-mike\Framework\Build\Debug\link.7204-rc.read.1.tlog
C:\Users\viviane\Desktop\comp371\COMP371-mike\Framework\Build\Debug\link.7204-rc.write.1.tlog
C:\Users\viviane\Desktop\comp371\COMP371-mike\Framework\Build\Debug\link.7204.read.1.tlog
C:\Users\viviane\Desktop\comp371\COMP371-mike\Framework\Build\Debug\link.7204.write.1.tlog
C:\Users\viviane\Desktop\comp371\COMP371-mike\Framework\Build\Debug\link.7596-cvtres.read.1.tlog
C:\Users\viviane\Desktop\comp371\COMP371-mike\Framework\Build\Debug\link.7596-cvtres.write.1.tlog
C:\Users\viviane\Desktop\comp371\COMP371-mike\Framework\Build\Debug\link.7596-rc.read.1.tlog
C:\Users\viviane\Desktop\comp371\COMP371-mike\Framework\Build\Debug\link.7596-rc.write.1.tlog
C:\Users\viviane\Desktop\comp371\COMP371-mike\Framework\Build\Debug\link.7596.read.1.tlog
C:\Users\viviane\Desktop\comp371\COMP371-mike\Framework\Build\Debug\link.7596.write.1.tlog
C:\Users\viviane\Desktop\comp371\COMP371-mike\Framework\Build\Debug\link.command.1.tlog
C:\Users\viviane\Desktop\comp371\COMP371-mike\Framework\Build\Debug\link.read.1.tlog
C:\Users\viviane\Desktop\comp371\COMP371-mike\Framework\Build\Debug\link.write.1.tlog
C:\Users\viviane\Desktop\comp371\COMP371-mike\Framework\Build\Debug\vc110.idb
C:\Users\viviane\Desktop\comp371\COMP371-mike\Framework\Build\Debug\vc120.idb
C:\Users\viviane\Desktop\comp371\COMP371-mike\Framework\Build\Debug\vc110.pdb
C:\Users\viviane\Desktop\comp371\COMP371-mike\Framework\Build\Debug\vc120.pdb
C:\Users\viviane\Desktop\comp371\COMP371-mike\Framework\VS2012\/../Bin/Assignment1-Debug.pdb
